#
# There is insufficient memory for the Java Runtime Environment to continue.
# Native memory allocation (malloc) failed to allocate 1085136 bytes for Chunk::new
# Possible reasons:
#   The system is out of physical RAM or swap space
#   The process is running with CompressedOops enabled, and the Java Heap may be blocking the growth of the native heap
# Possible solutions:
#   Reduce memory load on the system
#   Increase physical memory or swap space
#   Check if swap backing store is full
#   Decrease Java heap size (-Xmx/-Xms)
#   Decrease number of Java threads
#   Decrease Java thread stack sizes (-Xss)
#   Set larger code cache with -XX:ReservedCodeCacheSize=
#   JVM is running with Unscaled Compressed Oops mode in which the Java heap is
#     placed in the first 4GB address space. The Java Heap base address is the
#     maximum limit for the native heap growth. Please use -XX:HeapBaseMinAddress
#     to set the Java Heap base and to place the Java Heap above 4GB virtual address.
# This output file may be truncated or incomplete.
#
#  Out of Memory Error (./open/src/hotspot/share/memory/arena.cpp:197), pid=13956, tid=19360
#
# JRE version: Java(TM) SE Runtime Environment 18.9 (11.0.14+8) (build 11.0.14+8-LTS-263)
# Java VM: Java HotSpot(TM) 64-Bit Server VM 18.9 (11.0.14+8-LTS-263, mixed mode, tiered, compressed oops, g1 gc, windows-amd64)
# No core dump will be written. Minidumps are not enabled by default on client versions of Windows
#

---------------  S U M M A R Y ------------

Command Line: Ucoltis.demo.DemoApplication

Host: AMD FX(tm)-6300 Six-Core Processor             , 6 cores, 3G,  Windows 10 , 64 bit Build 19041 (10.0.19041.2546)
Time: Fri Mar 10 19:51:48 2023 Hora est. Pacífico, Sudamérica elapsed time: 20.637593 seconds (0d 0h 0m 20s)

---------------  T H R E A D  ---------------

Current thread (0x000001cac5b5c000):  JavaThread "C2 CompilerThread0" daemon [_thread_in_native, id=19360, stack(0x000000baf3200000,0x000000baf3300000)]


Current CompileTask:
C2:  20637 2129       4       java.net.URLStreamHandler::parseURL (1201 bytes)

Stack: [0x000000baf3200000,0x000000baf3300000]
Native frames: (J=compiled Java code, j=interpreted, Vv=VM code, C=native code)
V  [jvm.dll+0x6296da]
V  [jvm.dll+0x76323f]
V  [jvm.dll+0x7648e9]
V  [jvm.dll+0x764f73]
V  [jvm.dll+0x23d7c8]
V  [jvm.dll+0xb297c]
V  [jvm.dll+0xb2f3c]
V  [jvm.dll+0x340e52]
V  [jvm.dll+0x30e803]
V  [jvm.dll+0x30db4a]
V  [jvm.dll+0x1f8365]
V  [jvm.dll+0x1f754d]
V  [jvm.dll+0x177b21]
V  [jvm.dll+0x206e26]
V  [jvm.dll+0x204fbb]
V  [jvm.dll+0x729170]
V  [jvm.dll+0x721d44]
V  [jvm.dll+0x6285d6]
C  [ucrtbase.dll+0x21bb2]
C  [KERNEL32.DLL+0x17614]
C  [ntdll.dll+0x526a1]


---------------  P R O C E S S  ---------------

Threads class SMR info:
_java_thread_list=0x000001cac6ee9bd0, length=12, elements={
0x000001caaa609000, 0x000001cac5b44000, 0x000001cac5b45000, 0x000001cac5baf800,
0x000001cac5bb1000, 0x000001cac5bb5000, 0x000001cac5b5c000, 0x000001cac5b65000,
0x000001cac5bc1000, 0x000001cac6660800, 0x000001cac731f000, 0x000001cac69c3000
}

Java Threads: ( => current thread )
  0x000001caaa609000 JavaThread "main" [_thread_blocked, id=7636, stack(0x000000baf2600000,0x000000baf2700000)]
  0x000001cac5b44000 JavaThread "Reference Handler" daemon [_thread_blocked, id=13768, stack(0x000000baf2d00000,0x000000baf2e00000)]
  0x000001cac5b45000 JavaThread "Finalizer" daemon [_thread_blocked, id=17912, stack(0x000000baf2e00000,0x000000baf2f00000)]
  0x000001cac5baf800 JavaThread "Signal Dispatcher" daemon [_thread_blocked, id=20016, stack(0x000000baf2f00000,0x000000baf3000000)]
  0x000001cac5bb1000 JavaThread "Attach Listener" daemon [_thread_blocked, id=10556, stack(0x000000baf3000000,0x000000baf3100000)]
  0x000001cac5bb5000 JavaThread "Service Thread" daemon [_thread_blocked, id=22236, stack(0x000000baf3100000,0x000000baf3200000)]
=>0x000001cac5b5c000 JavaThread "C2 CompilerThread0" daemon [_thread_in_native, id=19360, stack(0x000000baf3200000,0x000000baf3300000)]
  0x000001cac5b65000 JavaThread "C1 CompilerThread0" daemon [_thread_in_native, id=8656, stack(0x000000baf3300000,0x000000baf3400000)]
  0x000001cac5bc1000 JavaThread "Sweeper thread" daemon [_thread_blocked, id=18428, stack(0x000000baf3400000,0x000000baf3500000)]
  0x000001cac6660800 JavaThread "Common-Cleaner" daemon [_thread_blocked, id=9844, stack(0x000000baf3600000,0x000000baf3700000)]
  0x000001cac731f000 JavaThread "Thread-0" [_thread_blocked, id=20736, stack(0x000000baf3800000,0x000000baf3900000)]
  0x000001cac69c3000 JavaThread "restartedMain" [_thread_in_Java, id=2224, stack(0x000000baf3900000,0x000000baf3a00000)]

Other Threads:
  0x000001cac5b1f000 VMThread "VM Thread" [stack: 0x000000baf2c00000,0x000000baf2d00000] [id=7152]
  0x000001cac665c800 WatcherThread [stack: 0x000000baf3500000,0x000000baf3600000] [id=18924]
  0x000001caaa61e000 GCTaskThread "GC Thread#0" [stack: 0x000000baf2700000,0x000000baf2800000] [id=20676]
  0x000001cac6fd4000 GCTaskThread "GC Thread#1" [stack: 0x000000baf3700000,0x000000baf3800000] [id=8948]
  0x000001cac6fd0000 GCTaskThread "GC Thread#2" [stack: 0x000000baf3a00000,0x000000baf3b00000] [id=9356]
  0x000001cac6ac6000 GCTaskThread "GC Thread#3" [stack: 0x000000baf3b00000,0x000000baf3c00000] [id=3416]
  0x000001cac6ac6800 GCTaskThread "GC Thread#4" [stack: 0x000000baf3c00000,0x000000baf3d00000] [id=1324]
  0x000001cac6ad9800 GCTaskThread "GC Thread#5" [stack: 0x000000baf3d00000,0x000000baf3e00000] [id=19320]
  0x000001caaa633800 ConcurrentGCThread "G1 Main Marker" [stack: 0x000000baf2800000,0x000000baf2900000] [id=8196]
  0x000001caaa635000 ConcurrentGCThread "G1 Conc#0" [stack: 0x000000baf2900000,0x000000baf2a00000] [id=5168]
  0x000001cac6f3b000 ConcurrentGCThread "G1 Conc#1" [stack: 0x000000baf3f00000,0x000000baf4000000] [id=20768]
  0x000001caaa697800 ConcurrentGCThread "G1 Refine#0" [stack: 0x000000baf2a00000,0x000000baf2b00000] [id=10732]
  0x000001caaa698800 ConcurrentGCThread "G1 Young RemSet Sampling" [stack: 0x000000baf2b00000,0x000000baf2c00000] [id=13460]

Threads with active compile tasks:
C2 CompilerThread0  21181 2129       4       java.net.URLStreamHandler::parseURL (1201 bytes)
C1 CompilerThread0  21182 2367       3       org.springframework.core.io.ClassPathResource::equals (69 bytes)

VM state:not at safepoint (normal execution)

VM Mutex/Monitor currently owned by a thread: None

Heap address: 0x00000000c0800000, size: 1016 MB, Compressed Oops mode: 32-bit
Narrow klass base: 0x0000000000000000, Narrow klass shift: 3
Compressed class space size: 1073741824 Address: 0x0000000100000000

Heap:
 garbage-first heap   total 65536K, used 17374K [0x00000000c0800000, 0x0000000100000000)
  region size 1024K, 12 young (12288K), 4 survivors (4096K)
 Metaspace       used 25532K, capacity 26215K, committed 26496K, reserved 1073152K
  class space    used 2878K, capacity 3153K, committed 3200K, reserved 1048576K
Heap Regions: E=young(eden), S=young(survivor), O=old, HS=humongous(starts), HC=humongous(continues), CS=collection set, F=free, A=archive, TAMS=top-at-mark-start (previous, next)
|   0|0x00000000c0800000, 0x00000000c0900000, 0x00000000c0900000|100%|HS|  |TAMS 0x00000000c0900000, 0x00000000c0800000| Complete 
|   1|0x00000000c0900000, 0x00000000c0a00000, 0x00000000c0a00000|100%| O|  |TAMS 0x00000000c0a00000, 0x00000000c0900000| Untracked 
|   2|0x00000000c0a00000, 0x00000000c0b00000, 0x00000000c0b00000|100%| O|  |TAMS 0x00000000c0b00000, 0x00000000c0a00000| Untracked 
|   3|0x00000000c0b00000, 0x00000000c0c00000, 0x00000000c0c00000|100%| O|  |TAMS 0x00000000c0c00000, 0x00000000c0b00000| Untracked 
|   4|0x00000000c0c00000, 0x00000000c0d00000, 0x00000000c0d00000|100%| O|  |TAMS 0x00000000c0d00000, 0x00000000c0c00000| Untracked 
|   5|0x00000000c0d00000, 0x00000000c0e00000, 0x00000000c0e00000|100%| O|  |TAMS 0x00000000c0e00000, 0x00000000c0d00000| Untracked 
|   6|0x00000000c0e00000, 0x00000000c0e10200, 0x00000000c0f00000|  6%| O|  |TAMS 0x00000000c0e10200, 0x00000000c0e00000| Untracked 
|   7|0x00000000c0f00000, 0x00000000c0f00000, 0x00000000c1000000|  0%| F|  |TAMS 0x00000000c0f00000, 0x00000000c0f00000| Untracked 
|   8|0x00000000c1000000, 0x00000000c1000000, 0x00000000c1100000|  0%| F|  |TAMS 0x00000000c1000000, 0x00000000c1000000| Untracked 
|   9|0x00000000c1100000, 0x00000000c1100000, 0x00000000c1200000|  0%| F|  |TAMS 0x00000000c1100000, 0x00000000c1100000| Untracked 
|  10|0x00000000c1200000, 0x00000000c1200000, 0x00000000c1300000|  0%| F|  |TAMS 0x00000000c1200000, 0x00000000c1200000| Untracked 
|  11|0x00000000c1300000, 0x00000000c1300000, 0x00000000c1400000|  0%| F|  |TAMS 0x00000000c1300000, 0x00000000c1300000| Untracked 
|  12|0x00000000c1400000, 0x00000000c1400000, 0x00000000c1500000|  0%| F|  |TAMS 0x00000000c1400000, 0x00000000c1400000| Untracked 
|  13|0x00000000c1500000, 0x00000000c1500000, 0x00000000c1600000|  0%| F|  |TAMS 0x00000000c1500000, 0x00000000c1500000| Untracked 
|  14|0x00000000c1600000, 0x00000000c1600000, 0x00000000c1700000|  0%| F|  |TAMS 0x00000000c1600000, 0x00000000c1600000| Untracked 
|  15|0x00000000c1700000, 0x00000000c1700000, 0x00000000c1800000|  0%| F|  |TAMS 0x00000000c1700000, 0x00000000c1700000| Untracked 
|  16|0x00000000c1800000, 0x00000000c1800000, 0x00000000c1900000|  0%| F|  |TAMS 0x00000000c1800000, 0x00000000c1800000| Untracked 
|  17|0x00000000c1900000, 0x00000000c1900000, 0x00000000c1a00000|  0%| F|  |TAMS 0x00000000c1900000, 0x00000000c1900000| Untracked 
|  18|0x00000000c1a00000, 0x00000000c1a00000, 0x00000000c1b00000|  0%| F|  |TAMS 0x00000000c1a00000, 0x00000000c1a00000| Untracked 
|  19|0x00000000c1b00000, 0x00000000c1b00000, 0x00000000c1c00000|  0%| F|  |TAMS 0x00000000c1b00000, 0x00000000c1b00000| Untracked 
|  20|0x00000000c1c00000, 0x00000000c1c00000, 0x00000000c1d00000|  0%| F|  |TAMS 0x00000000c1c00000, 0x00000000c1c00000| Untracked 
|  21|0x00000000c1d00000, 0x00000000c1d00000, 0x00000000c1e00000|  0%| F|  |TAMS 0x00000000c1d00000, 0x00000000c1d00000| Untracked 
|  22|0x00000000c1e00000, 0x00000000c1ee78c0, 0x00000000c1f00000| 90%| S|CS|TAMS 0x00000000c1e00000, 0x00000000c1e00000| Complete 
|  23|0x00000000c1f00000, 0x00000000c2000000, 0x00000000c2000000|100%| S|CS|TAMS 0x00000000c1f00000, 0x00000000c1f00000| Complete 
|  24|0x00000000c2000000, 0x00000000c2100000, 0x00000000c2100000|100%| S|CS|TAMS 0x00000000c2000000, 0x00000000c2000000| Complete 
|  25|0x00000000c2100000, 0x00000000c2200000, 0x00000000c2200000|100%| S|CS|TAMS 0x00000000c2100000, 0x00000000c2100000| Complete 
|  26|0x00000000c2200000, 0x00000000c2200000, 0x00000000c2300000|  0%| F|  |TAMS 0x00000000c2200000, 0x00000000c2200000| Untracked 
|  27|0x00000000c2300000, 0x00000000c2300000, 0x00000000c2400000|  0%| F|  |TAMS 0x00000000c2300000, 0x00000000c2300000| Untracked 
|  28|0x00000000c2400000, 0x00000000c2400000, 0x00000000c2500000|  0%| F|  |TAMS 0x00000000c2400000, 0x00000000c2400000| Untracked 
|  29|0x00000000c2500000, 0x00000000c2500000, 0x00000000c2600000|  0%| F|  |TAMS 0x00000000c2500000, 0x00000000c2500000| Untracked 
|  30|0x00000000c2600000, 0x00000000c2600000, 0x00000000c2700000|  0%| F|  |TAMS 0x00000000c2600000, 0x00000000c2600000| Untracked 
|  31|0x00000000c2700000, 0x00000000c2700000, 0x00000000c2800000|  0%| F|  |TAMS 0x00000000c2700000, 0x00000000c2700000| Untracked 
|  32|0x00000000c2800000, 0x00000000c2800000, 0x00000000c2900000|  0%| F|  |TAMS 0x00000000c2800000, 0x00000000c2800000| Untracked 
|  33|0x00000000c2900000, 0x00000000c2900000, 0x00000000c2a00000|  0%| F|  |TAMS 0x00000000c2900000, 0x00000000c2900000| Untracked 
|  34|0x00000000c2a00000, 0x00000000c2a00000, 0x00000000c2b00000|  0%| F|  |TAMS 0x00000000c2a00000, 0x00000000c2a00000| Untracked 
|  35|0x00000000c2b00000, 0x00000000c2b00000, 0x00000000c2c00000|  0%| F|  |TAMS 0x00000000c2b00000, 0x00000000c2b00000| Untracked 
|  36|0x00000000c2c00000, 0x00000000c2c00000, 0x00000000c2d00000|  0%| F|  |TAMS 0x00000000c2c00000, 0x00000000c2c00000| Untracked 
|  37|0x00000000c2d00000, 0x00000000c2d00000, 0x00000000c2e00000|  0%| F|  |TAMS 0x00000000c2d00000, 0x00000000c2d00000| Untracked 
|  38|0x00000000c2e00000, 0x00000000c2e00000, 0x00000000c2f00000|  0%| F|  |TAMS 0x00000000c2e00000, 0x00000000c2e00000| Untracked 
|  39|0x00000000c2f00000, 0x00000000c2f00000, 0x00000000c3000000|  0%| F|  |TAMS 0x00000000c2f00000, 0x00000000c2f00000| Untracked 
|  40|0x00000000c3000000, 0x00000000c3000000, 0x00000000c3100000|  0%| F|  |TAMS 0x00000000c3000000, 0x00000000c3000000| Untracked 
|  41|0x00000000c3100000, 0x00000000c3100000, 0x00000000c3200000|  0%| F|  |TAMS 0x00000000c3100000, 0x00000000c3100000| Untracked 
|  42|0x00000000c3200000, 0x00000000c3200000, 0x00000000c3300000|  0%| F|  |TAMS 0x00000000c3200000, 0x00000000c3200000| Untracked 
|  43|0x00000000c3300000, 0x00000000c3300000, 0x00000000c3400000|  0%| F|  |TAMS 0x00000000c3300000, 0x00000000c3300000| Untracked 
|  44|0x00000000c3400000, 0x00000000c3400000, 0x00000000c3500000|  0%| F|  |TAMS 0x00000000c3400000, 0x00000000c3400000| Untracked 
|  45|0x00000000c3500000, 0x00000000c3500000, 0x00000000c3600000|  0%| F|  |TAMS 0x00000000c3500000, 0x00000000c3500000| Untracked 
|  46|0x00000000c3600000, 0x00000000c3600000, 0x00000000c3700000|  0%| F|  |TAMS 0x00000000c3600000, 0x00000000c3600000| Untracked 
|  47|0x00000000c3700000, 0x00000000c3700000, 0x00000000c3800000|  0%| F|  |TAMS 0x00000000c3700000, 0x00000000c3700000| Untracked 
|  48|0x00000000c3800000, 0x00000000c3800000, 0x00000000c3900000|  0%| F|  |TAMS 0x00000000c3800000, 0x00000000c3800000| Untracked 
|  49|0x00000000c3900000, 0x00000000c3900000, 0x00000000c3a00000|  0%| F|  |TAMS 0x00000000c3900000, 0x00000000c3900000| Untracked 
|  50|0x00000000c3a00000, 0x00000000c3a00000, 0x00000000c3b00000|  0%| F|  |TAMS 0x00000000c3a00000, 0x00000000c3a00000| Untracked 
|  51|0x00000000c3b00000, 0x00000000c3b00000, 0x00000000c3c00000|  0%| F|  |TAMS 0x00000000c3b00000, 0x00000000c3b00000| Untracked 
|  52|0x00000000c3c00000, 0x00000000c3c00000, 0x00000000c3d00000|  0%| F|  |TAMS 0x00000000c3c00000, 0x00000000c3c00000| Untracked 
|  53|0x00000000c3d00000, 0x00000000c3d00000, 0x00000000c3e00000|  0%| F|  |TAMS 0x00000000c3d00000, 0x00000000c3d00000| Untracked 
|  54|0x00000000c3e00000, 0x00000000c3e00000, 0x00000000c3f00000|  0%| F|  |TAMS 0x00000000c3e00000, 0x00000000c3e00000| Untracked 
|  55|0x00000000c3f00000, 0x00000000c3f00000, 0x00000000c4000000|  0%| F|  |TAMS 0x00000000c3f00000, 0x00000000c3f00000| Untracked 
|  56|0x00000000c4000000, 0x00000000c40ec978, 0x00000000c4100000| 92%| E|  |TAMS 0x00000000c4000000, 0x00000000c4000000| Complete 
|  57|0x00000000c4100000, 0x00000000c4200000, 0x00000000c4200000|100%| E|CS|TAMS 0x00000000c4100000, 0x00000000c4100000| Complete 
|  58|0x00000000c4200000, 0x00000000c4300000, 0x00000000c4300000|100%| E|CS|TAMS 0x00000000c4200000, 0x00000000c4200000| Complete 
|  59|0x00000000c4300000, 0x00000000c4400000, 0x00000000c4400000|100%| E|CS|TAMS 0x00000000c4300000, 0x00000000c4300000| Complete 
|  60|0x00000000c4400000, 0x00000000c4500000, 0x00000000c4500000|100%| E|CS|TAMS 0x00000000c4400000, 0x00000000c4400000| Complete 
|  61|0x00000000c4500000, 0x00000000c4600000, 0x00000000c4600000|100%| E|CS|TAMS 0x00000000c4500000, 0x00000000c4500000| Complete 
|  62|0x00000000c4600000, 0x00000000c4700000, 0x00000000c4700000|100%| E|CS|TAMS 0x00000000c4600000, 0x00000000c4600000| Complete 
|  63|0x00000000c4700000, 0x00000000c4800000, 0x00000000c4800000|100%| E|CS|TAMS 0x00000000c4700000, 0x00000000c4700000| Complete 

Card table byte_map: [0x000001cac0f90000,0x000001cac1190000] _byte_map_base: 0x000001cac098c000

Marking Bits (Prev, Next): (CMBitMap*) 0x000001caaa62ec70, (CMBitMap*) 0x000001caaa62ec38
 Prev Bits: [0x000001cac2370000, 0x000001cac3350000)
 Next Bits: [0x000001cac1390000, 0x000001cac2370000)

Polling page: 0x000001caa85b0000

Metaspace:

Usage:
  Non-class:     22.52 MB capacity,    22.14 MB ( 98%) used,   323.21 KB (  1%) free+waste,    72.06 KB ( <1%) overhead. 
      Class:      3.08 MB capacity,     2.81 MB ( 91%) used,   237.29 KB (  8%) free+waste,    36.75 KB (  1%) overhead. 
       Both:     25.60 MB capacity,    24.95 MB ( 97%) used,   560.50 KB (  2%) free+waste,   108.81 KB ( <1%) overhead. 

Virtual space:
  Non-class space:       24.00 MB reserved,      22.75 MB ( 95%) committed 
      Class space:        1.00 GB reserved,       3.13 MB ( <1%) committed 
             Both:        1.02 GB reserved,      25.88 MB (  2%) committed 

Chunk freelists:
   Non-Class:  5.25 KB
       Class:  1.88 KB
        Both:  7.13 KB

CodeHeap 'non-profiled nmethods': size=120064Kb used=890Kb max_used=890Kb free=119173Kb
 bounds [0x000001cab9740000, 0x000001cab99b0000, 0x000001cac0c80000]
CodeHeap 'profiled nmethods': size=120000Kb used=4852Kb max_used=4852Kb free=115147Kb
 bounds [0x000001cab2210000, 0x000001cab26d0000, 0x000001cab9740000]
CodeHeap 'non-nmethods': size=5696Kb used=1118Kb max_used=1139Kb free=4577Kb
 bounds [0x000001cab1c80000, 0x000001cab1ef0000, 0x000001cab2210000]
 total_blobs=2800 nmethods=2363 adapters=349
 compilation: enabled
              stopped_count=0, restarted_count=0
 full_count=0

Compilation events (10 events):
Event: 20.575 Thread 0x000001cac5b65000 2191       3       org.springframework.asm.ClassReader::readClass (7 bytes)
Event: 20.575 Thread 0x000001cac5b65000 nmethod 2191 0x000001cab2637290 code [0x000001cab2637460, 0x000001cab26378a8]
Event: 20.575 Thread 0x000001cac5b65000 2192       3       org.springframework.asm.ClassReader::readStringish (16 bytes)
Event: 20.576 Thread 0x000001cac5b65000 nmethod 2192 0x000001cab2637b10 code [0x000001cab2637ce0, 0x000001cab26380c8]
Event: 20.576 Thread 0x000001cac5b65000 2193       1       org.springframework.core.annotation.TypeMappedAnnotation::getAggregateIndex (5 bytes)
Event: 20.577 Thread 0x000001cac5b65000 nmethod 2193 0x000001cab981b490 code [0x000001cab981b620, 0x000001cab981b6d8]
Event: 20.577 Thread 0x000001cac5b65000 2194       3       org.springframework.core.annotation.TypeMappedAnnotation::getType (8 bytes)
Event: 20.577 Thread 0x000001cac5b65000 nmethod 2194 0x000001cab2638310 code [0x000001cab26384a0, 0x000001cab26385b8]
Event: 20.579 Thread 0x000001cac5b65000 2195       3       java.util.Collections$UnmodifiableCollection::toArray (11 bytes)
Event: 20.579 Thread 0x000001cac5b65000 nmethod 2195 0x000001cab2638690 code [0x000001cab2638840, 0x000001cab2638a08]

GC Heap History (8 events):
Event: 10.037 GC heap before
{Heap before GC invocations=0 (full 0):
 garbage-first heap   total 65536K, used 23552K [0x00000000c0800000, 0x0000000100000000)
  region size 1024K, 22 young (22528K), 0 survivors (0K)
 Metaspace       used 11074K, capacity 11270K, committed 11392K, reserved 1058816K
  class space    used 1070K, capacity 1144K, committed 1152K, reserved 1048576K
}
Event: 10.049 GC heap after
{Heap after GC invocations=1 (full 0):
 garbage-first heap   total 65536K, used 6374K [0x00000000c0800000, 0x0000000100000000)
  region size 1024K, 3 young (3072K), 3 survivors (3072K)
 Metaspace       used 11074K, capacity 11270K, committed 11392K, reserved 1058816K
  class space    used 1070K, capacity 1144K, committed 1152K, reserved 1048576K
}
Event: 11.711 GC heap before
{Heap before GC invocations=1 (full 0):
 garbage-first heap   total 65536K, used 23782K [0x00000000c0800000, 0x0000000100000000)
  region size 1024K, 20 young (20480K), 3 survivors (3072K)
 Metaspace       used 15095K, capacity 15455K, committed 15616K, reserved 1062912K
  class space    used 1562K, capacity 1702K, committed 1792K, reserved 1048576K
}
Event: 11.720 GC heap after
{Heap after GC invocations=2 (full 0):
 garbage-first heap   total 65536K, used 7262K [0x00000000c0800000, 0x0000000100000000)
  region size 1024K, 2 young (2048K), 2 survivors (2048K)
 Metaspace       used 15095K, capacity 15455K, committed 15616K, reserved 1062912K
  class space    used 1562K, capacity 1702K, committed 1792K, reserved 1048576K
}
Event: 14.958 GC heap before
{Heap before GC invocations=2 (full 0):
 garbage-first heap   total 65536K, used 32862K [0x00000000c0800000, 0x0000000100000000)
  region size 1024K, 27 young (27648K), 2 survivors (2048K)
 Metaspace       used 19984K, capacity 20480K, committed 20608K, reserved 1067008K
  class space    used 2190K, capacity 2389K, committed 2432K, reserved 1048576K
}
Event: 14.963 GC heap after
{Heap after GC invocations=3 (full 0):
 garbage-first heap   total 65536K, used 8342K [0x00000000c0800000, 0x0000000100000000)
  region size 1024K, 3 young (3072K), 3 survivors (3072K)
 Metaspace       used 19984K, capacity 20480K, committed 20608K, reserved 1067008K
  class space    used 2190K, capacity 2389K, committed 2432K, reserved 1048576K
}
Event: 17.680 GC heap before
{Heap before GC invocations=3 (full 0):
 garbage-first heap   total 65536K, used 10390K [0x00000000c0800000, 0x0000000100000000)
  region size 1024K, 6 young (6144K), 3 survivors (3072K)
 Metaspace       used 20594K, capacity 21091K, committed 21248K, reserved 1069056K
  class space    used 2249K, capacity 2465K, committed 2560K, reserved 1048576K
}
Event: 17.690 GC heap after
{Heap after GC invocations=4 (full 0):
 garbage-first heap   total 65536K, used 8428K [0x00000000c0800000, 0x0000000100000000)
  region size 1024K, 3 young (3072K), 3 survivors (3072K)
 Metaspace       used 20594K, capacity 21091K, committed 21248K, reserved 1069056K
  class space    used 2249K, capacity 2465K, committed 2560K, reserved 1048576K
}

Deoptimization events (10 events):
Event: 13.466 Thread 0x000001cac69c3000 Uncommon trap: reason=unstable_if action=reinterpret pc=0x000001cab977fda4 method=java.util.HashMap.hash(Ljava/lang/Object;)I @ 1 c2
Event: 14.755 Thread 0x000001cac69c3000 Uncommon trap: reason=unstable_if action=reinterpret pc=0x000001cab97b2768 method=java.util.concurrent.ConcurrentHashMap.addCount(JI)V @ 168 c2
Event: 14.771 Thread 0x000001cac69c3000 Uncommon trap: reason=unstable_if action=reinterpret pc=0x000001cab977de7c method=java.util.HashMap.getNode(ILjava/lang/Object;)Ljava/util/HashMap$Node; @ 129 c2
Event: 14.811 Thread 0x000001cac69c3000 Uncommon trap: reason=unstable_if action=reinterpret pc=0x000001cab97e15a8 method=java.util.HashMap.putVal(ILjava/lang/Object;Ljava/lang/Object;ZZ)Ljava/lang/Object; @ 181 c2
Event: 18.683 Thread 0x000001cac75cc000 Uncommon trap: reason=unstable_if action=reinterpret pc=0x000001cab97ac0f8 method=jdk.internal.org.objectweb.asm.Type.getArgumentsAndReturnSizes(Ljava/lang/String;)I @ 47 c2
Event: 18.683 Thread 0x000001cac75cc000 Uncommon trap: reason=unstable_if action=reinterpret pc=0x000001cab97da788 method=jdk.internal.org.objectweb.asm.Frame.push(Ljdk/internal/org/objectweb/asm/ClassWriter;Ljava/lang/String;)V @ 18 c2
Event: 19.022 Thread 0x000001cac69c3000 Uncommon trap: reason=unstable_if action=reinterpret pc=0x000001cab978f650 method=java.util.concurrent.ConcurrentHashMap.get(Ljava/lang/Object;)Ljava/lang/Object; @ 76 c2
Event: 19.198 Thread 0x000001cac69c3000 Uncommon trap: reason=unstable_if action=reinterpret pc=0x000001cab975578c method=java.util.zip.ZipFile$Source.getEntryPos([BZ)I @ 156 c2
Event: 20.476 Thread 0x000001cac69c3000 Uncommon trap: reason=bimorphic_or_optimized_type_check action=maybe_recompile pc=0x000001cab980f6fc method=java.util.HashMap.putVal(ILjava/lang/Object;Ljava/lang/Object;ZZ)Ljava/lang/Object; @ 203 c2
Event: 20.508 Thread 0x000001cac69c3000 Uncommon trap: reason=bimorphic_or_optimized_type_check action=maybe_recompile pc=0x000001cab980f6fc method=java.util.HashMap.putVal(ILjava/lang/Object;Ljava/lang/Object;ZZ)Ljava/lang/Object; @ 203 c2

Classes redefined (0 events):
No events

Internal exceptions (10 events):
Event: 19.101 Thread 0x000001cac69c3000 Exception <a 'java/lang/ClassNotFoundException'{0x00000000c3768958}: org/springframework/context/ResourceLoaderAwareCustomizer> (0x00000000c3768958) thrown at [./open/src/hotspot/share/classfile/systemDictionary.cpp, line 226]
Event: 19.102 Thread 0x000001cac69c3000 Exception <a 'java/lang/ClassNotFoundException'{0x00000000c3778028}: org/springframework/beans/factory/AwareCustomizer> (0x00000000c3778028) thrown at [./open/src/hotspot/share/classfile/systemDictionary.cpp, line 226]
Event: 19.102 Thread 0x000001cac69c3000 Exception <a 'java/lang/ClassNotFoundException'{0x00000000c3788178}: org/springframework/context/ApplicationStartupAwareCustomizer> (0x00000000c3788178) thrown at [./open/src/hotspot/share/classfile/systemDictionary.cpp, line 226]
Event: 19.103 Thread 0x000001cac69c3000 Exception <a 'java/lang/ClassNotFoundException'{0x00000000c3797ac0}: org/springframework/beans/factory/AwareCustomizer> (0x00000000c3797ac0) thrown at [./open/src/hotspot/share/classfile/systemDictionary.cpp, line 226]
Event: 19.103 Thread 0x000001cac69c3000 Exception <a 'java/lang/ClassNotFoundException'{0x00000000c37a7e00}: org/springframework/beans/factory/BeanClassLoaderAwareCustomizer> (0x00000000c37a7e00) thrown at [./open/src/hotspot/share/classfile/systemDictionary.cpp, line 226]
Event: 19.104 Thread 0x000001cac69c3000 Exception <a 'java/lang/ClassNotFoundException'{0x00000000c37b74e8}: org/springframework/beans/factory/AwareCustomizer> (0x00000000c37b74e8) thrown at [./open/src/hotspot/share/classfile/systemDictionary.cpp, line 226]
Event: 19.104 Thread 0x000001cac69c3000 Exception <a 'java/lang/ClassNotFoundException'{0x00000000c37c66b0}: org/springframework/context/EnvironmentAwareCustomizer> (0x00000000c37c66b0) thrown at [./open/src/hotspot/share/classfile/systemDictionary.cpp, line 226]
Event: 19.105 Thread 0x000001cac69c3000 Exception <a 'java/lang/ClassNotFoundException'{0x00000000c37d5d10}: org/springframework/beans/factory/AwareCustomizer> (0x00000000c37d5d10) thrown at [./open/src/hotspot/share/classfile/systemDictionary.cpp, line 226]
Event: 20.344 Thread 0x000001cac69c3000 Exception <a 'java/lang/IncompatibleClassChangeError'{0x00000000c2a6f200}: Found class java.lang.Object, but interface was expected> (0x00000000c2a6f200) thrown at [./open/src/hotspot/share/interpreter/linkResolver.cpp, line 838]
Event: 20.422 Thread 0x000001cac69c3000 Exception <a 'java/lang/NoSuchMethodError'{0x00000000c282fc70}: java.lang.invoke.DirectMethodHandle$Holder.invokeInterface(Ljava/lang/Object;Ljava/lang/Object;Ljava/lang/Object;Ljava/lang/Object;)V> (0x00000000c282fc70) thrown at [./open/src/hotspot/share

Events (10 events):
Event: 20.583 loading class org/springframework/boot/autoconfigure/template/PathBasedTemplateAvailabilityProvider
Event: 20.583 loading class org/springframework/boot/autoconfigure/template/PathBasedTemplateAvailabilityProvider done
Event: 20.584 loading class org/springframework/boot/autoconfigure/freemarker/FreeMarkerTemplateAvailabilityProvider$FreeMarkerTemplateAvailabilityProperties
Event: 20.584 loading class org/springframework/boot/autoconfigure/freemarker/FreeMarkerTemplateAvailabilityProvider$FreeMarkerTemplateAvailabilityProperties done
Event: 20.587 loading class org/springframework/boot/autoconfigure/template/PathBasedTemplateAvailabilityProvider$TemplateAvailabilityProperties
Event: 20.587 loading class org/springframework/boot/autoconfigure/template/PathBasedTemplateAvailabilityProvider$TemplateAvailabilityProperties done
Event: 20.587 loading class org/springframework/boot/autoconfigure/mustache/MustacheTemplateAvailabilityProvider
Event: 20.587 loading class org/springframework/boot/autoconfigure/mustache/MustacheTemplateAvailabilityProvider done
Event: 20.592 loading class org/springframework/boot/autoconfigure/groovy/template/GroovyTemplateAvailabilityProvider
Event: 20.592 loading class org/springframework/boot/autoconfigure/groovy/template/GroovyTemplateAvailabilityProvider done


Dynamic libraries:
0x00007ff70d570000 - 0x00007ff70d57f000 	C:\Program Files\Java\jdk-11.0.14\bin\java.exe
0x00007ffe56ef0000 - 0x00007ffe570e8000 	C:\Windows\SYSTEM32\ntdll.dll
0x00007ffe56ba0000 - 0x00007ffe56c5f000 	C:\Windows\System32\KERNEL32.DLL
0x00007ffe546e0000 - 0x00007ffe549b2000 	C:\Windows\System32\KERNELBASE.dll
0x00007ffe545e0000 - 0x00007ffe546e0000 	C:\Windows\System32\ucrtbase.dll
0x00007ffe3acd0000 - 0x00007ffe3ace5000 	C:\Program Files\Java\jdk-11.0.14\bin\VCRUNTIME140.dll
0x00007ffe37760000 - 0x00007ffe37778000 	C:\Program Files\Java\jdk-11.0.14\bin\jli.dll
0x00007ffe54f90000 - 0x00007ffe5503e000 	C:\Windows\System32\ADVAPI32.dll
0x00007ffe55040000 - 0x00007ffe550de000 	C:\Windows\System32\msvcrt.dll
0x00007ffe56da0000 - 0x00007ffe56e3c000 	C:\Windows\System32\sechost.dll
0x00007ffe55780000 - 0x00007ffe558a5000 	C:\Windows\System32\RPCRT4.dll
0x00007ffe550e0000 - 0x00007ffe55281000 	C:\Windows\System32\USER32.dll
0x00007ffe54a90000 - 0x00007ffe54ab2000 	C:\Windows\System32\win32u.dll
0x00007ffe403e0000 - 0x00007ffe4067a000 	C:\Windows\WinSxS\amd64_microsoft.windows.common-controls_6595b64144ccf1df_6.0.19041.1110_none_60b5254171f9507e\COMCTL32.dll
0x00007ffe55f60000 - 0x00007ffe55f8b000 	C:\Windows\System32\GDI32.dll
0x00007ffe54c70000 - 0x00007ffe54d7f000 	C:\Windows\System32\gdi32full.dll
0x00007ffe549f0000 - 0x00007ffe54a8d000 	C:\Windows\System32\msvcp_win.dll
0x00007ffe4ab10000 - 0x00007ffe4ab1a000 	C:\Windows\SYSTEM32\VERSION.dll
0x00007ffe563b0000 - 0x00007ffe563e2000 	C:\Windows\System32\IMM32.DLL
0x00007ffe37430000 - 0x00007ffe374cb000 	C:\Program Files\Java\jdk-11.0.14\bin\msvcp140.dll
0x00007ffdd3230000 - 0x00007ffdd3d46000 	C:\Program Files\Java\jdk-11.0.14\bin\server\jvm.dll
0x00007ffe55f50000 - 0x00007ffe55f58000 	C:\Windows\System32\PSAPI.DLL
0x00007ffe4ab20000 - 0x00007ffe4ab47000 	C:\Windows\SYSTEM32\WINMM.dll
0x00007ffe272e0000 - 0x00007ffe272e9000 	C:\Windows\SYSTEM32\WSOCK32.dll
0x00007ffe56e40000 - 0x00007ffe56eab000 	C:\Windows\System32\WS2_32.dll
0x00007ffe524c0000 - 0x00007ffe524d2000 	C:\Windows\SYSTEM32\kernel.appcore.dll
0x00007ffe4fbc0000 - 0x00007ffe4fbd0000 	C:\Program Files\Java\jdk-11.0.14\bin\verify.dll
0x00007ffe46fb0000 - 0x00007ffe47194000 	C:\Windows\SYSTEM32\DBGHELP.DLL
0x00007ffe46d40000 - 0x00007ffe46d75000 	C:\Windows\SYSTEM32\dbgcore.DLL
0x00007ffe54b30000 - 0x00007ffe54bb2000 	C:\Windows\System32\bcryptPrimitives.dll
0x00007ffe38980000 - 0x00007ffe389a8000 	C:\Program Files\Java\jdk-11.0.14\bin\java.dll
0x00007ffe4cb50000 - 0x00007ffe4cb5a000 	C:\Program Files\Java\jdk-11.0.14\bin\jimage.dll
0x00007ffe38ae0000 - 0x00007ffe38af6000 	C:\Program Files\Java\jdk-11.0.14\bin\zip.dll
0x00007ffe563f0000 - 0x00007ffe56b35000 	C:\Windows\System32\SHELL32.dll
0x00007ffe526c0000 - 0x00007ffe52e52000 	C:\Windows\SYSTEM32\windows.storage.dll
0x00007ffe56050000 - 0x00007ffe563a5000 	C:\Windows\System32\combase.dll
0x00007ffe53f60000 - 0x00007ffe53f90000 	C:\Windows\SYSTEM32\Wldp.dll
0x00007ffe55fa0000 - 0x00007ffe5604d000 	C:\Windows\System32\SHCORE.dll
0x00007ffe55cf0000 - 0x00007ffe55d45000 	C:\Windows\System32\shlwapi.dll
0x00007ffe54520000 - 0x00007ffe5453f000 	C:\Windows\SYSTEM32\profapi.dll
0x00007ffe500c0000 - 0x00007ffe500d9000 	C:\Program Files\Java\jdk-11.0.14\bin\net.dll
0x00007ffe4dab0000 - 0x00007ffe4dbbc000 	C:\Windows\SYSTEM32\WINHTTP.dll
0x00007ffe53cc0000 - 0x00007ffe53d2a000 	C:\Windows\system32\mswsock.dll
0x00007ffe50020000 - 0x00007ffe50032000 	C:\Program Files\Java\jdk-11.0.14\bin\nio.dll
0x00007ffe50130000 - 0x00007ffe50139000 	C:\Program Files\Java\jdk-11.0.14\bin\management.dll
0x00007ffe4fe20000 - 0x00007ffe4fe2b000 	C:\Program Files\Java\jdk-11.0.14\bin\management_ext.dll
0x00007ffe3e630000 - 0x00007ffe3e647000 	C:\Windows\system32\napinsp.dll
0x00007ffe3e610000 - 0x00007ffe3e62b000 	C:\Windows\system32\pnrpnsp.dll
0x00007ffe408c0000 - 0x00007ffe408d5000 	C:\Windows\system32\wshbth.dll
0x00007ffe50000000 - 0x00007ffe5001d000 	C:\Windows\system32\NLAapi.dll
0x00007ffe539b0000 - 0x00007ffe539eb000 	C:\Windows\SYSTEM32\IPHLPAPI.DLL
0x00007ffe539f0000 - 0x00007ffe53abb000 	C:\Windows\SYSTEM32\DNSAPI.dll
0x00007ffe55f90000 - 0x00007ffe55f98000 	C:\Windows\System32\NSI.dll
0x00007ffe408a0000 - 0x00007ffe408b2000 	C:\Windows\System32\winrnr.dll
0x0000000058ff0000 - 0x0000000059016000 	C:\Program Files\Bonjour\mdnsNSP.dll
0x00007ffe4d0f0000 - 0x00007ffe4d0fa000 	C:\Windows\System32\rasadhlp.dll
0x00007ffe4ce60000 - 0x00007ffe4cee0000 	C:\Windows\System32\fwpuclnt.dll
0x00007ffe549c0000 - 0x00007ffe549e7000 	C:\Windows\System32\bcrypt.dll

dbghelp: loaded successfully - version: 4.0.5 - missing functions: none
symbol engine: initialized successfully - sym options: 0x614 - pdb path: .;C:\Program Files\Java\jdk-11.0.14\bin;C:\Windows\SYSTEM32;C:\Windows\WinSxS\amd64_microsoft.windows.common-controls_6595b64144ccf1df_6.0.19041.1110_none_60b5254171f9507e;C:\Program Files\Java\jdk-11.0.14\bin\server;C:\Program Files\Bonjour

VM Arguments:
java_command: Ucoltis.demo.DemoApplication
java_class_path (initial): C:\Users\Dagr1\Documents\NetBeansProjects\HolaMundoSpringColtis\target\classes;C:\Users\Dagr1\.m2\repository\org\springframework\boot\spring-boot-starter-thymeleaf\2.7.9\spring-boot-starter-thymeleaf-2.7.9.jar;C:\Users\Dagr1\.m2\repository\org\springframework\boot\spring-boot-starter\2.7.9\spring-boot-starter-2.7.9.jar;C:\Users\Dagr1\.m2\repository\org\springframework\boot\spring-boot-starter-logging\2.7.9\spring-boot-starter-logging-2.7.9.jar;C:\Users\Dagr1\.m2\repository\ch\qos\logback\logback-classic\1.2.11\logback-classic-1.2.11.jar;C:\Users\Dagr1\.m2\repository\ch\qos\logback\logback-core\1.2.11\logback-core-1.2.11.jar;C:\Users\Dagr1\.m2\repository\org\apache\logging\log4j\log4j-to-slf4j\2.17.2\log4j-to-slf4j-2.17.2.jar;C:\Users\Dagr1\.m2\repository\org\apache\logging\log4j\log4j-api\2.17.2\log4j-api-2.17.2.jar;C:\Users\Dagr1\.m2\repository\org\slf4j\jul-to-slf4j\1.7.36\jul-to-slf4j-1.7.36.jar;C:\Users\Dagr1\.m2\repository\jakarta\annotation\jakarta.annotation-api\1.3.5\jakarta.annotation-api-1.3.5.jar;C:\Users\Dagr1\.m2\repository\org\yaml\snakeyaml\1.30\snakeyaml-1.30.jar;C:\Users\Dagr1\.m2\repository\org\thymeleaf\thymeleaf-spring5\3.0.15.RELEASE\thymeleaf-spring5-3.0.15.RELEASE.jar;C:\Users\Dagr1\.m2\repository\org\thymeleaf\thymeleaf\3.0.15.RELEASE\thymeleaf-3.0.15.RELEASE.jar;C:\Users\Dagr1\.m2\repository\org\attoparser\attoparser\2.0.5.RELEASE\attoparser-2.0.5.RELEASE.jar;C:\Users\Dagr1\.m2\repository\org\unbescape\unbescape\1.1.6.RELEASE\unbescape-1.1.6.RELEASE.jar;C:\Users\Dagr1\.m2\repository\org\slf4j\slf4j-api\1.7.36\slf4j-api-1.7.36.jar;C:\Users\Dagr1\.m2\repository\org\thymeleaf\extras\thymeleaf-extras-java8time\3.0.4.RELEASE\thymeleaf-extras-java8time-3.0.4.RELEASE.jar;C:\Users\Dagr1\.m2\repository\org\springframework\boot\spring-boot-starter-web\2.7.9\spring-boot-starter-web-2.7.9.jar;C:\Users\Dagr1\.m2\repository\org\springframework\boot\spring-boot-starter-json\2.7.9\spring-boot-starter-json-2.7.9.jar;C:\Users\Dagr
Launcher Type: SUN_STANDARD

[Global flags]
     intx CICompilerCount                          = 3                                         {product} {ergonomic}
     uint ConcGCThreads                            = 2                                         {product} {ergonomic}
     uint G1ConcRefinementThreads                  = 6                                         {product} {ergonomic}
   size_t G1HeapRegionSize                         = 1048576                                   {product} {ergonomic}
    uintx GCDrainStackTargetSize                   = 64                                        {product} {ergonomic}
   size_t InitialHeapSize                          = 67108864                                  {product} {ergonomic}
   size_t MarkStackSize                            = 4194304                                   {product} {ergonomic}
   size_t MaxHeapSize                              = 1065353216                                {product} {ergonomic}
   size_t MaxNewSize                               = 638582784                                 {product} {ergonomic}
   size_t MinHeapDeltaBytes                        = 1048576                                   {product} {ergonomic}
    uintx NonNMethodCodeHeapSize                   = 5830732                                {pd product} {ergonomic}
    uintx NonProfiledCodeHeapSize                  = 122913754                              {pd product} {ergonomic}
    uintx ProfiledCodeHeapSize                     = 122913754                              {pd product} {ergonomic}
    uintx ReservedCodeCacheSize                    = 251658240                              {pd product} {ergonomic}
     bool SegmentedCodeCache                       = true                                      {product} {ergonomic}
     bool UseCompressedClassPointers               = true                                 {lp64_product} {ergonomic}
     bool UseCompressedOops                        = true                                 {lp64_product} {ergonomic}
     bool UseG1GC                                  = true                                      {product} {ergonomic}
     bool UseLargePagesIndividualAllocation        = false                                  {pd product} {ergonomic}

Logging:
Log output configuration:
 #0: stdout all=warning uptime,level,tags
 #1: stderr all=off uptime,level,tags

Environment Variables:
JAVA_HOME=C:\Program Files\Java\jdk-11.0.14
PATH=C:\Program Files (x86)\Common Files\Oracle\Java\javapath;C:\Program Files\Common Files\Oracle\Java\javapath;C:\Program Files\Eclipse Adoptium\jdk-11.0.15.10-hotspot\bin;C:\Windows\system32;C:\Windows;C:\Windows\System32\Wbem;C:\Windows\System32\WindowsPowerShell\v1.0\;C:\Windows\System32\OpenSSH\;C:\Program Files (x86)\ATI Technologies\ATI.ACE\Core-Static;C:\C++\mingw64\bin;C:\Program Files\nodejs\;C:\Program Files\MongoDB;C:\Program Files\MongoDB\Server\6.0\bin;C:\Program Files\Git\cmd;C:\Program Files\Git\mingw64\bin;C:\Program Files\Git\usr\bin;C:\Users\Dagr1\AppData\Local\Programs\Python\Python310\Scripts\;C:\Users\Dagr1\AppData\Local\Programs\Python\Python310\;C:\Users\Dagr1\AppData\Local\Microsoft\WindowsApps;C:\Users\Dagr1\AppData\Local\Programs\Microsoft VS Code\bin;C:\SQlite3;C:\Program Files\JetBrains\PyCharm Community Edition 2022.2.2\bin;;C:\Users\Dagr1\AppData\Roaming\npm;
USERNAME=Dagr1
OS=Windows_NT
PROCESSOR_IDENTIFIER=AMD64 Family 21 Model 2 Stepping 0, AuthenticAMD



---------------  S Y S T E M  ---------------

OS: Windows 10 , 64 bit Build 19041 (10.0.19041.2546)

CPU:total 6 (initial active 6) (6 cores per cpu, 1 threads per core) family 21 model 2 stepping 0 microcode 0x0, cmov, cx8, fxsr, mmx, sse, sse2, sse3, ssse3, sse4.1, sse4.2, popcnt, avx, aes, clmul, mmxext, 3dnowpref, lzcnt, sse4a, tsc, tscinvbit, tscinv, bmi1, fma

Memory: 4k page, system-wide physical 4060M (241M free)
TotalPageFile size 16348M (AvailPageFile size 11M)
current process WorkingSet (physical memory assigned to process): 124M, peak: 124M
current process commit charge ("private bytes"): 177M, peak: 177M

vm_info: Java HotSpot(TM) 64-Bit Server VM (11.0.14+8-LTS-263) for windows-amd64 JRE (11.0.14+8-LTS-263), built on Dec  7 2021 21:53:57 by "mach5one" with MS VC++ 15.9 (VS2017)

END.
